0 verbose cli /Users/albus/.nvm/versions/node/v20.9.0/bin/node /Users/albus/.nvm/versions/node/v20.9.0/bin/npm
1 info using npm@10.1.0
2 info using node@v20.9.0
3 timing npm:load:whichnode Completed in 1ms
4 timing config:load:defaults Completed in 1ms
5 timing config:load:file:/Users/albus/.nvm/versions/node/v20.9.0/lib/node_modules/npm/npmrc Completed in 1ms
6 timing config:load:builtin Completed in 1ms
7 timing config:load:cli Completed in 2ms
8 timing config:load:env Completed in 0ms
9 timing config:load:file:/Users/albus/Desktop/self/amplify-next-template/.npmrc Completed in 0ms
10 timing config:load:project Completed in 3ms
11 timing config:load:file:/Users/albus/.npmrc Completed in 0ms
12 timing config:load:user Completed in 0ms
13 timing config:load:file:/Users/albus/.nvm/versions/node/v20.9.0/etc/npmrc Completed in 0ms
14 timing config:load:global Completed in 0ms
15 timing config:load:setEnvs Completed in 1ms
16 timing config:load Completed in 8ms
17 timing npm:load:configload Completed in 8ms
18 timing config:load:flatten Completed in 1ms
19 timing npm:load:mkdirpcache Completed in 0ms
20 timing npm:load:mkdirplogs Completed in 0ms
21 verbose title npm ci
22 verbose argv "ci" "--cache" ".npm" "--prefer-offline"
23 timing npm:load:setTitle Completed in 6ms
24 timing npm:load:display Completed in 0ms
25 verbose logfile logs-max:10 dir:/Users/albus/Desktop/self/amplify-next-template/.npm/_logs/2024-05-24T08_05_32_131Z-
26 verbose logfile /Users/albus/Desktop/self/amplify-next-template/.npm/_logs/2024-05-24T08_05_32_131Z-debug-0.log
27 timing npm:load:logFile Completed in 5ms
28 timing npm:load:timers Completed in 0ms
29 timing npm:load:configScope Completed in 0ms
30 timing npm:load Completed in 31ms
31 timing arborist:ctor Completed in 1ms
32 verbose loadVirtual Error: loadVirtual requires existing shrinkwrap file
32 verbose loadVirtual     at Arborist.loadVirtual (/Users/albus/.nvm/versions/node/v20.9.0/lib/node_modules/npm/node_modules/@npmcli/arborist/lib/arborist/load-virtual.js:51:18)
32 verbose loadVirtual     at async CI.exec (/Users/albus/.nvm/versions/node/v20.9.0/lib/node_modules/npm/lib/commands/ci.js:47:5)
32 verbose loadVirtual     at async module.exports (/Users/albus/.nvm/versions/node/v20.9.0/lib/node_modules/npm/lib/cli-entry.js:61:5)
33 timing command:ci Completed in 48ms
34 verbose stack Error: 
34 verbose stack The `npm ci` command can only install with an existing package-lock.json or
34 verbose stack npm-shrinkwrap.json with lockfileVersion >= 1. Run an install with npm@5 or
34 verbose stack later to generate a package-lock.json file, then try again.
34 verbose stack
34 verbose stack Clean install a project
34 verbose stack
34 verbose stack Usage:
34 verbose stack npm ci
34 verbose stack
34 verbose stack Options:
34 verbose stack [--install-strategy <hoisted|nested|shallow|linked>] [--legacy-bundling]
34 verbose stack [--global-style] [--omit <dev|optional|peer> [--omit <dev|optional|peer> ...]]
34 verbose stack [--strict-peer-deps] [--foreground-scripts] [--ignore-scripts] [--no-audit]
34 verbose stack [--no-bin-links] [--no-fund] [--dry-run]
34 verbose stack [-w|--workspace <workspace-name> [-w|--workspace <workspace-name> ...]]
34 verbose stack [-ws|--workspaces] [--include-workspace-root] [--install-links]
34 verbose stack
34 verbose stack aliases: clean-install, ic, install-clean, isntall-clean
34 verbose stack
34 verbose stack Run "npm help ci" for more info
34 verbose stack     at CI.usageError (/Users/albus/.nvm/versions/node/v20.9.0/lib/node_modules/npm/lib/base-command.js:113:26)
34 verbose stack     at /Users/albus/.nvm/versions/node/v20.9.0/lib/node_modules/npm/lib/commands/ci.js:53:18
34 verbose stack     at async CI.exec (/Users/albus/.nvm/versions/node/v20.9.0/lib/node_modules/npm/lib/commands/ci.js:47:5)
34 verbose stack     at async module.exports (/Users/albus/.nvm/versions/node/v20.9.0/lib/node_modules/npm/lib/cli-entry.js:61:5)
35 verbose cwd /Users/albus/Desktop/self/amplify-next-template
36 verbose Darwin 23.5.0
37 verbose node v20.9.0
38 verbose npm  v10.1.0
39 error code EUSAGE
40 error
40 error The `npm ci` command can only install with an existing package-lock.json or
40 error npm-shrinkwrap.json with lockfileVersion >= 1. Run an install with npm@5 or
40 error later to generate a package-lock.json file, then try again.
40 error
40 error Clean install a project
40 error
40 error Usage:
40 error npm ci
40 error
40 error Options:
40 error [--install-strategy <hoisted|nested|shallow|linked>] [--legacy-bundling]
40 error [--global-style] [--omit <dev|optional|peer> [--omit <dev|optional|peer> ...]]
40 error [--strict-peer-deps] [--foreground-scripts] [--ignore-scripts] [--no-audit]
40 error [--no-bin-links] [--no-fund] [--dry-run]
40 error [-w|--workspace <workspace-name> [-w|--workspace <workspace-name> ...]]
40 error [-ws|--workspaces] [--include-workspace-root] [--install-links]
40 error
40 error aliases: clean-install, ic, install-clean, isntall-clean
40 error
40 error Run "npm help ci" for more info
41 verbose exit 1
42 timing npm Completed in 203ms
43 verbose code 1
44 error A complete log of this run can be found in: /Users/albus/Desktop/self/amplify-next-template/.npm/_logs/2024-05-24T08_05_32_131Z-debug-0.log
